2023-12-23T10:16:29.881759+0800 INFO USER - Tokmakov HAS LOGGED IN
2023-12-24T04:08:45.663941+0800 INFO USER - a HAS LOGGED IN
2023-12-24T04:10:19.827043+0800 INFO USER - a HAS LOGGED IN
2023-12-24T04:12:36.279963+0800 INFO USER - a HAS LOGGED IN
2023-12-24T04:16:08.795403+0800 INFO USER - a HAS LOGGED IN
2023-12-24T05:36:40.065731+0800 INFO USER - fds HAS LOGGED IN
2023-12-24T09:54:57.754019+0800 INFO USER - Токмаков HAS LOGGED IN
2023-12-24T10:32:54.813118+0800 INFO USER - f HAS LOGGED IN
2023-12-24T10:49:21.275625+0800 INFO USER - f HAS LOGGED IN
2023-12-24T10:53:29.970742+0800 INFO USER - f HAS LOGGED IN
2023-12-24T10:54:10.215041+0800 INFO USER - nb HAS LOGGED IN
2023-12-24T11:00:34.140898+0800 INFO USER - f HAS LOGGED IN
2023-12-24T11:02:08.736764+0800 INFO USER - f HAS LOGGED IN
2023-12-24T11:13:39.444954+0800 INFO USER - ddd HAS LOGGED IN
2024-01-11T13:54:40.629078+0800 INFO USER - Токмаков HAS LOGGED IN
2024-01-11T14:05:10.249982+0800 INFO USER - Токмаков HAS LOGGED IN
2024-01-11T14:27:34.061702+0800 INFO USER - Токмаков HAS LOGGED IN
2024-01-11T15:24:45.291515+0800 INFO USER - Токмаков HAS LOGGED IN
2024-01-11T15:29:40.339055+0800 INFO USER - Токмаков HAS LOGGED IN
2024-01-11T15:40:16.433451+0800 INFO USER - 12 HAS LOGGED IN
2024-01-16T11:57:21.122214+0800 INFO USER - Токмаков HAS LOGGED IN
2024-01-16T12:29:13.995930+0800 INFO USER - Токмаков HAS LOGGED IN
2024-01-16T12:30:59.664696+0800 INFO USER - Ff HAS LOGGED IN
2024-01-29T19:36:02.987542+0800 INFO USER - bn HAS LOGGED IN
2024-01-29T19:38:53.703469+0800 INFO USER - bn HAS LOGGED IN
2024-01-29T19:39:40.404711+0800 INFO USER - bn HAS LOGGED IN
2024-01-29T19:40:04.826857+0800 INFO USER - bn HAS LOGGED IN
2024-01-29T19:40:47.067590+0800 INFO USER - bn HAS LOGGED IN
2024-01-29T19:41:39.487035+0800 INFO USER - bn HAS LOGGED IN
2024-01-29T19:43:55.921279+0800 INFO USER - bn HAS LOGGED IN
2024-01-29T19:44:58.913130+0800 INFO USER - bn HAS LOGGED IN
2024-01-29T19:49:21.117519+0800 INFO USER - bn HAS LOGGED IN
2024-01-29T19:51:09.851786+0800 INFO USER - bn HAS LOGGED IN
2024-01-29T19:52:42.781232+0800 INFO USER - bn HAS LOGGED IN
2024-01-29T20:00:14.044853+0800 INFO USER - bn HAS LOGGED IN
2024-01-29T20:01:45.488964+0800 INFO USER - bn HAS LOGGED IN
2024-01-29T20:04:47.918053+0800 INFO USER - bn HAS LOGGED IN
2024-01-29T20:06:50.832208+0800 INFO USER - bn HAS LOGGED IN
2024-01-30T02:39:39.456167+0800 INFO USER - bn HAS LOGGED IN
2024-01-30T02:40:21.193376+0800 INFO USER - bn HAS LOGGED IN
2024-01-30T02:45:23.619439+0800 INFO USER - bn HAS LOGGED IN
2024-01-30T03:06:13.934070+0800 INFO USER - bn HAS LOGGED IN
2024-01-30T03:07:04.569630+0800 INFO USER - bn HAS LOGGED IN
2024-01-30T03:07:28.784386+0800 INFO USER - bn HAS LOGGED IN
2024-01-30T03:08:49.735426+0800 INFO USER - bn HAS LOGGED IN
2024-01-30T03:09:50.125927+0800 INFO USER - bn HAS LOGGED IN
2024-01-30T03:11:15.777715+0800 INFO USER - bn HAS LOGGED IN
2024-01-30T03:11:59.539832+0800 INFO USER - bn HAS LOGGED IN
2024-01-30T03:15:11.088618+0800 INFO USER - bn HAS LOGGED IN
2024-01-30T03:24:18.385424+0800 INFO USER - xc HAS LOGGED IN
2024-01-30T03:24:56.362175+0800 INFO USER - xc HAS LOGGED IN
2024-01-30T03:25:28.652537+0800 INFO USER - zx HAS LOGGED IN
2024-01-30T03:26:09.381658+0800 INFO USER - as HAS LOGGED IN
2024-01-30T03:27:03.797894+0800 INFO USER - qw HAS LOGGED IN
2024-02-02T12:55:08.539569+0800 INFO USER - rew HAS LOGGED IN
2024-02-02T13:01:12.785945+0800 INFO USER - fds HAS LOGGED IN
2024-02-02T14:48:53.304609+0800 INFO USER - qwe HAS LOGGED IN
2024-02-02T14:55:05.991693+0800 INFO USER - ew HAS LOGGED IN
2024-02-04T01:03:01.146812+0800 INFO USER - cvcv HAS LOGGED IN
2024-02-04T01:12:28.883958+0800 INFO USER - cvcv HAS LOGGED IN
2024-02-04T01:53:45.579717+0800 INFO USER - cvcv HAS LOGGED IN
2024-02-04T02:39:06.789339+0800 INFO USER - cvcv HAS LOGGED IN
2024-03-01T11:54:12.632845+0800 INFO USER - vcxx HAS LOGGED IN
2024-03-01T12:00:37.094552+0800 INFO USER - vvv HAS LOGGED IN
2024-03-01T12:04:03.623585+0800 INFO USER - ccv HAS LOGGED IN
2024-03-01T12:09:01.705668+0800 INFO USER - zzzx HAS LOGGED IN
2024-03-01T12:14:04.333089+0800 INFO USER - zzz HAS LOGGED IN
2024-03-01T12:25:57.196664+0800 INFO USER - ччч HAS LOGGED IN
2024-03-01T12:28:03.140603+0800 INFO USER - ааа HAS LOGGED IN
2024-03-01T12:32:44.320991+0800 INFO USER - ячя HAS LOGGED IN
2024-03-01T12:33:35.868355+0800 INFO USER - ячя HAS LOGGED IN
2024-03-01T12:34:44.726562+0800 INFO USER - ййцц HAS LOGGED IN
2024-03-01T12:38:17.107300+0800 INFO USER - фйфй HAS LOGGED IN
2024-03-01T13:02:18.611146+0800 INFO USER - яяф HAS LOGGED IN
2024-03-01T13:04:51.427084+0800 INFO USER - ффыв HAS LOGGED IN
2024-03-07T14:56:00.889499+0800 INFO USER - qwe qwe HAS ENTERED INCORRECT PASSWORD
2024-03-07T14:56:06.402148+0800 INFO USER - qwe qwe HAS LOGGED IN
2024-03-07T15:21:03.114119+0800 INFO USER - qwe qwe HAS LOGGED IN
2024-03-07T15:23:30.925037+0800 INFO USER - qwe qwe HAS LOGGED IN
2024-03-07T15:23:44.453413+0800 INFO USER - qwe qwe HAS LOGGED IN
2024-03-08T15:20:58.375985+0800 INFO USER - qwe qwe HAS LOGGED IN
2024-03-08T15:38:28.387264+0800 INFO USER - qwe qwe HAS LOGGED IN
2024-03-08T15:40:54.517487+0800 INFO USER - qwe qwe HAS LOGGED IN
2024-03-08T15:41:45.261829+0800 INFO USER - qwe qwe HAS LOGGED IN
2024-03-08T15:42:40.411748+0800 INFO USER - qwe qwe HAS LOGGED IN
2024-03-08T15:43:32.381284+0800 INFO USER - qwe qwe HAS LOGGED IN
2024-03-08T15:46:41.441655+0800 INFO USER - qwe qwe HAS LOGGED IN
2024-03-08T15:47:31.894244+0800 INFO USER - qwe qwe HAS LOGGED IN
2024-03-08T15:48:07.717929+0800 INFO USER - qwe qwe HAS LOGGED IN
2024-03-08T15:48:52.330270+0800 INFO USER - qwe qwe HAS LOGGED IN
2024-03-08T15:50:07.340780+0800 INFO USER - qwe qwe HAS LOGGED IN
2024-03-08T15:52:40.284991+0800 INFO USER - qwe qwe HAS LOGGED IN
2024-03-08T17:38:23.086330+0800 INFO USER - qwe qwe HAS LOGGED IN
2024-03-08T17:39:22.621545+0800 INFO USER - qwe qwe HAS LOGGED IN
2024-03-08T17:41:31.772525+0800 INFO USER - qwe qwe HAS LOGGED IN
2024-03-08T17:42:29.350588+0800 INFO USER - qwe qwe HAS LOGGED IN
2024-03-08T17:42:39.036360+0800 INFO USER - qwe qwe HAS LOGGED IN
2024-03-08T18:47:00.895111+0800 INFO USER - qwe qwe HAS LOGGED IN
2024-03-08T18:50:26.881636+0800 INFO USER - Левв Токмаков HAS LOGGED IN
2024-03-08T19:00:15.826708+0800 INFO USER - qwe qwe HAS LOGGED IN
2024-03-08T19:02:31.712471+0800 INFO USER - Левв Токмаков HAS LOGGED IN
2024-03-08T19:15:24.809779+0800 INFO USER - vccv vccv HAS LOGGED IN
2024-03-08T19:29:23.407505+0800 INFO USER - Дима Турушев HAS LOGGED IN
2024-03-08T20:05:48.687472+0800 INFO USER - Лев Токмаков HAS LOGGED IN
2024-03-08T20:09:30.242540+0800 INFO USER - qwe qwe HAS LOGGED IN
2024-03-11T17:25:48.303942+0800 INFO USER - Леввв Токмаков HAS LOGGED IN
2024-03-11T17:37:13.631310+0800 INFO USER - Лев Токмаков HAS LOGGED IN
2024-03-11T17:39:11.153000+0800 INFO USER - 123 123 HAS LOGGED IN
